<?xml version="1.0" encoding="UTF-8"?>
<!-- Generated by org.testng.reporters.JUnitXMLReporter -->
<testsuite ignored="3" hostname="LAPTOP-RVKJ6BBN" failures="0" tests="1" name="Test" time="5.585" errors="0" timestamp="2024-12-05T10:50:06 IST">
  <testcase classname="testscript.LoginTest" name="verifyTheUserIsAbleToLogInUsingInvalidUsernameAndPassword" time="1.912"/>
  <testcase classname="testscript.LoginTest" name="verifyTheUserIsAbleToLogInUsingInvalidPassword" time="0.0">
    <ignored/>
  </testcase> <!-- verifyTheUserIsAbleToLogInUsingInvalidPassword -->
  <testcase classname="testscript.LoginTest" name="verifyTheUserIsAbleToLogInUsingValidCredentials" time="0.0">
    <ignored/>
  </testcase> <!-- verifyTheUserIsAbleToLogInUsingValidCredentials -->
  <testcase classname="testscript.LoginTest" name="verifyTheUserIsAbleToLogInUsingInvalidUsername" time="0.0">
    <ignored/>
  </testcase> <!-- verifyTheUserIsAbleToLogInUsingInvalidUsername -->
</testsuite> <!-- Test -->
