<?xml version="1.0" encoding="UTF-8"?>
<!-- Generated by org.testng.reporters.JUnitXMLReporter -->
<testsuite ignored="2" hostname="LAPTOP-RVKJ6BBN" failures="0" tests="2" name="test" time="18.144" errors="0" timestamp="2024-12-06T21:43:34 IST">
  <testcase classname="testscript.LoginTest" name="verifyTheUserIsAbleToLogInUsingInvalidPassword" time="2.061"/>
  <testcase classname="testscript.LoginTest" name="verifyTheUserIsAbleToLogInUsingValidCredentials" time="1.305"/>
  <testcase classname="testscript.LoginTest" name="verifyTheUserIsAbleToLogInUsingInvalidUsernameAndPassword" time="0.0">
    <ignored/>
  </testcase> <!-- verifyTheUserIsAbleToLogInUsingInvalidUsernameAndPassword -->
  <testcase classname="testscript.LoginTest" name="verifyTheUserIsAbleToLogInUsingInvalidUsername" time="0.0">
    <ignored/>
  </testcase> <!-- verifyTheUserIsAbleToLogInUsingInvalidUsername -->
</testsuite> <!-- test -->
