<?xml version="1.0" encoding="UTF-8"?>
<!-- Generated by org.testng.reporters.JUnitXMLReporter -->
<testsuite ignored="3" hostname="LAPTOP-RVKJ6BBN" failures="0" tests="1" name="FirefoxTest" time="15.095" errors="0" timestamp="2024-11-28T19:24:01 IST">
  <testcase classname="testscript.LoginTest" name="VerifyTheUserIsAbleToLogInUsingValidCredentials" time="0.001">
    <skipped/>
  </testcase> <!-- VerifyTheUserIsAbleToLogInUsingValidCredentials -->
  <testcase classname="testscript.LoginTest" name="VerifyTheUserIsAbleToLogInUsingInvalidUsernameAndPassword" time="0.0">
    <ignored/>
  </testcase> <!-- VerifyTheUserIsAbleToLogInUsingInvalidUsernameAndPassword -->
  <testcase classname="testscript.LoginTest" name="VerifyTheUserIsAbleToLogInUsingInvalidPassword" time="0.0">
    <ignored/>
  </testcase> <!-- VerifyTheUserIsAbleToLogInUsingInvalidPassword -->
  <testcase classname="testscript.LoginTest" name="VerifyTheUserIsAbleToLogInUsingInvalidUsername" time="0.0">
    <ignored/>
  </testcase> <!-- VerifyTheUserIsAbleToLogInUsingInvalidUsername -->
</testsuite> <!-- FirefoxTest -->
