<?xml version="1.0" encoding="UTF-8"?>
<!-- Generated by org.testng.reporters.JUnitXMLReporter -->
<testsuite ignored="0" hostname="LAPTOP-RVKJ6BBN" failures="1" tests="1" name="FirefoxTest" time="23.297" errors="0" timestamp="2024-12-06T21:47:33 IST">
  <testcase classname="testscript.HomeTest" name="verifyUserIsAbleToLogout" time="6.662">
    <failure type="org.openqa.selenium.ElementNotInteractableException" message="Element &amp;lt;i class=&amp;quot;ace-icon fa fa-power-off&amp;quot;&amp;gt; could not be scrolled into view
Build info: version: &amp;apos;4.24.0&amp;apos;, revision: &amp;apos;748ffc9bc3&amp;apos;
System info: os.name: &amp;apos;Windows 11&amp;apos;, os.arch: &amp;apos;amd64&amp;apos;, os.version: &amp;apos;10.0&amp;apos;, java.version: &amp;apos;17.0.11&amp;apos;
Driver info: org.openqa.selenium.firefox.FirefoxDriver
Command: [f74d3206-ebb7-4cab-a968-c5b918710ca9, clickElement {id=ec4f79cf-d87b-4057-af97-ead79332998a}]
Capabilities {acceptInsecureCerts: true, browserName: firefox, browserVersion: 133.0, moz:accessibilityChecks: false, moz:buildID: 20241121140525, moz:debuggerAddress: 127.0.0.1:8070, moz:geckodriverVersion: 0.35.0, moz:headless: false, moz:platformVersion: 10.0, moz:processID: 2216, moz:profile: C:\Users\Smart\AppData\Loca..., moz:shutdownTimeout: 60000, moz:webdriverClick: true, moz:windowless: false, pageLoadStrategy: normal, platformName: windows, proxy: Proxy(), se:cdp: ws://127.0.0.1:8070/devtool..., se:cdpVersion: 85.0, setWindowRect: true, strictFileInteractability: false, timeouts: {implicit: 0, pageLoad: 300000, script: 30000}, unhandledPromptBehavior: dismiss and notify, userAgent: Mozilla/5.0 (Windows NT 10....}
Element: [[FirefoxDriver: firefox on windows (f74d3206-ebb7-4cab-a968-c5b918710ca9)] -&amp;gt; xpath: //i[@class=&amp;apos;ace-icon fa fa-power-off&amp;apos;]]
Session ID: f74d3206-ebb7-4cab-a968-c5b918710ca9">
      <![CDATA[org.openqa.selenium.ElementNotInteractableException: Element <i class="ace-icon fa fa-power-off"> could not be scrolled into view
Build info: version: '4.24.0', revision: '748ffc9bc3'
System info: os.name: 'Windows 11', os.arch: 'amd64', os.version: '10.0', java.version: '17.0.11'
Driver info: org.openqa.selenium.firefox.FirefoxDriver
Command: [f74d3206-ebb7-4cab-a968-c5b918710ca9, clickElement {id=ec4f79cf-d87b-4057-af97-ead79332998a}]
Capabilities {acceptInsecureCerts: true, browserName: firefox, browserVersion: 133.0, moz:accessibilityChecks: false, moz:buildID: 20241121140525, moz:debuggerAddress: 127.0.0.1:8070, moz:geckodriverVersion: 0.35.0, moz:headless: false, moz:platformVersion: 10.0, moz:processID: 2216, moz:profile: C:\Users\Smart\AppData\Loca..., moz:shutdownTimeout: 60000, moz:webdriverClick: true, moz:windowless: false, pageLoadStrategy: normal, platformName: windows, proxy: Proxy(), se:cdp: ws://127.0.0.1:8070/devtool..., se:cdpVersion: 85.0, setWindowRect: true, strictFileInteractability: false, timeouts: {implicit: 0, pageLoad: 300000, script: 30000}, unhandledPromptBehavior: dismiss and notify, userAgent: Mozilla/5.0 (Windows NT 10....}
Element: [[FirefoxDriver: firefox on windows (f74d3206-ebb7-4cab-a968-c5b918710ca9)] -> xpath: //i[@class='ace-icon fa fa-power-off']]
Session ID: f74d3206-ebb7-4cab-a968-c5b918710ca9
at org.openqa.selenium.remote.ErrorCodec.decode(ErrorCodec.java:167)
at org.openqa.selenium.remote.codec.w3c.W3CHttpResponseCodec.decode(W3CHttpResponseCodec.java:138)
at org.openqa.selenium.remote.codec.w3c.W3CHttpResponseCodec.decode(W3CHttpResponseCodec.java:50)
at org.openqa.selenium.remote.HttpCommandExecutor.execute(HttpCommandExecutor.java:190)
at org.openqa.selenium.remote.service.DriverCommandExecutor.invokeExecute(DriverCommandExecutor.java:216)
at org.openqa.selenium.remote.service.DriverCommandExecutor.execute(DriverCommandExecutor.java:174)
at org.openqa.selenium.remote.RemoteWebDriver.execute(RemoteWebDriver.java:545)
at org.openqa.selenium.remote.RemoteWebElement.execute(RemoteWebElement.java:223)
at org.openqa.selenium.remote.RemoteWebElement.click(RemoteWebElement.java:76)
at org.openqa.selenium.support.pagefactory.internal.LocatingElementHandler.invoke(LocatingElementHandler.java:51)
at jdk.proxy2/jdk.proxy2.$Proxy15.click(Unknown Source)
at pages.HomePage.clickOnLogout(HomePage.java:41)
at testscript.HomeTest.verifyUserIsAbleToLogout(HomeTest.java:25)
at java.base/java.util.ArrayList.forEach(ArrayList.java:1511)
at java.base/java.util.concurrent.FutureTask.run(FutureTask.java:264)
at java.base/java.util.concurrent.ThreadPoolExecutor.runWorker(ThreadPoolExecutor.java:1136)
at java.base/java.util.concurrent.ThreadPoolExecutor$Worker.run(ThreadPoolExecutor.java:635)
at java.base/java.lang.Thread.run(Thread.java:842)
... Removed 26 stack frames]]>
    </failure>
  </testcase> <!-- verifyUserIsAbleToLogout -->
</testsuite> <!-- FirefoxTest -->
