<?xml version="1.0" encoding="UTF-8"?>
<!-- Generated by org.testng.reporters.JUnitXMLReporter -->
<testsuite ignored="0" hostname="LAPTOP-RVKJ6BBN" failures="0" tests="3" name="Default test" time="15.037" errors="0" timestamp="2024-11-14T11:35:21 IST">
  <testcase classname="testscript.Logintest" name="VerifyTheUserIsAbleToLogInUsingInvalidPassword" time="1.047"/>
  <testcase classname="testscript.Logintest" name="VerifyTheUserIsAbleToLogInUsingInvalidUsername" time="0.81"/>
  <testcase classname="testscript.Logintest" name="VerifyTheUserIsAbleToLogInUsingValidCredentials" time="1.499"/>
</testsuite> <!-- Default test -->
