<?xml version="1.0" encoding="UTF-8"?>
<!-- Generated by org.testng.reporters.JUnitXMLReporter -->
<testsuite ignored="3" hostname="LAPTOP-RVKJ6BBN" failures="0" tests="2" name="test" time="5.781" errors="0" timestamp="2024-11-28T19:24:49 IST">
  <testcase classname="testscript.Base" name="@BeforeMethod initializeBrowser" time="5.292">
    <failure type="java.lang.NullPointerException">
      <![CDATA[java.lang.NullPointerException
at java.base/java.util.Objects.requireNonNull(Objects.java:208)
at java.base/java.util.ImmutableCollections$Map1.<init>(ImmutableCollections.java:1105)
at java.base/java.util.Map.of(Map.java:1353)
at org.openqa.selenium.remote.DriverCommand.GET(DriverCommand.java:180)
at org.openqa.selenium.remote.RemoteWebDriver.get(RemoteWebDriver.java:313)
at testscript.Base.initializeBrowser(Base.java:60)
at java.base/java.util.concurrent.ThreadPoolExecutor.runWorker(ThreadPoolExecutor.java:1136)
at java.base/java.util.concurrent.ThreadPoolExecutor$Worker.run(ThreadPoolExecutor.java:635)
at java.base/java.lang.Thread.run(Thread.java:842)
... Removed 16 stack frames]]>
    </failure>
  </testcase> <!-- @BeforeMethod initializeBrowser -->
  <testcase classname="testscript.Base" name="@AfterMethod driverQuitAndClose" time="0.0">
    <skipped/>
  </testcase> <!-- @AfterMethod driverQuitAndClose -->
  <testcase classname="testscript.Base" name="@BeforeMethod initializeBrowser" time="5.709">
    <failure type="java.lang.NullPointerException">
      <![CDATA[java.lang.NullPointerException
at java.base/java.util.Objects.requireNonNull(Objects.java:208)
at java.base/java.util.ImmutableCollections$Map1.<init>(ImmutableCollections.java:1105)
at java.base/java.util.Map.of(Map.java:1353)
at org.openqa.selenium.remote.DriverCommand.GET(DriverCommand.java:180)
at org.openqa.selenium.remote.RemoteWebDriver.get(RemoteWebDriver.java:313)
at testscript.Base.initializeBrowser(Base.java:60)
at java.base/java.util.concurrent.ThreadPoolExecutor.runWorker(ThreadPoolExecutor.java:1136)
at java.base/java.util.concurrent.ThreadPoolExecutor$Worker.run(ThreadPoolExecutor.java:635)
at java.base/java.lang.Thread.run(Thread.java:842)
... Removed 16 stack frames]]>
    </failure>
  </testcase> <!-- @BeforeMethod initializeBrowser -->
  <testcase classname="testscript.Base" name="@AfterMethod driverQuitAndClose" time="0.0">
    <skipped/>
  </testcase> <!-- @AfterMethod driverQuitAndClose -->
  <testcase classname="testscript.LoginTest" name="VerifyTheUserIsAbleToLogInUsingValidCredentials" time="0.001">
    <skipped/>
  </testcase> <!-- VerifyTheUserIsAbleToLogInUsingValidCredentials -->
  <testcase classname="testscript.AdminTest" name="verifyTheUserIsAbleToUpdate" time="0.001">
    <skipped/>
  </testcase> <!-- verifyTheUserIsAbleToUpdate -->
  <testcase classname="testscript.LoginTest" name="VerifyTheUserIsAbleToLogInUsingInvalidPassword" time="0.0">
    <ignored/>
  </testcase> <!-- VerifyTheUserIsAbleToLogInUsingInvalidPassword -->
  <testcase classname="testscript.LoginTest" name="VerifyTheUserIsAbleToLogInUsingInvalidUsernameAndPassword" time="0.0">
    <ignored/>
  </testcase> <!-- VerifyTheUserIsAbleToLogInUsingInvalidUsernameAndPassword -->
  <testcase classname="testscript.LoginTest" name="VerifyTheUserIsAbleToLogInUsingInvalidUsername" time="0.0">
    <ignored/>
  </testcase> <!-- VerifyTheUserIsAbleToLogInUsingInvalidUsername -->
</testsuite> <!-- test -->
