<?xml version="1.0" encoding="UTF-8"?>
<!-- Generated by org.testng.reporters.JUnitXMLReporter -->
<testsuite ignored="3" hostname="LAPTOP-RVKJ6BBN" failures="0" tests="1" name="EdgeTest" time="1.884" errors="0" timestamp="2024-11-29T11:28:30 IST">
  <testcase classname="testscript.LoginTest" name="VerifyTheUserIsAbleToLogInUsingValidCredentials" time="0.002">
    <skipped/>
  </testcase> <!-- VerifyTheUserIsAbleToLogInUsingValidCredentials -->
  <testcase classname="testscript.LoginTest" name="VerifyTheUserIsAbleToLogInUsingInvalidUsername" time="0.0">
    <ignored/>
  </testcase> <!-- VerifyTheUserIsAbleToLogInUsingInvalidUsername -->
  <testcase classname="testscript.LoginTest" name="VerifyTheUserIsAbleToLogInUsingInvalidPassword" time="0.0">
    <ignored/>
  </testcase> <!-- VerifyTheUserIsAbleToLogInUsingInvalidPassword -->
  <testcase classname="testscript.LoginTest" name="VerifyTheUserIsAbleToLogInUsingInvalidUsernameAndPassword" time="0.0">
    <ignored/>
  </testcase> <!-- VerifyTheUserIsAbleToLogInUsingInvalidUsernameAndPassword -->
</testsuite> <!-- EdgeTest -->
