<?xml version="1.0" encoding="UTF-8"?>
<testng-results ignored="0" total="1" passed="1" failed="0" skipped="0">
  <reporter-output>
  </reporter-output>
  <suite started-at="2024-11-19T21:16:37 IST" name="Default suite" finished-at="2024-11-19T21:16:46 IST" duration-ms="9008">
    <groups>
    </groups>
    <test started-at="2024-11-19T21:16:37 IST" name="Default test" finished-at="2024-11-19T21:16:46 IST" duration-ms="9008">
      <class name="testscript.Admintest">
        <test-method is-config="true" signature="initializeBrowser()[pri:0, instance:testscript.Admintest@6069db50]" started-at="2024-11-19T21:16:37 IST" name="initializeBrowser" finished-at="2024-11-19T21:16:41 IST" duration-ms="4366" status="PASS">
          <reporter-output>
          </reporter-output>
        </test-method> <!-- initializeBrowser -->
        <test-method signature="verifyTheUserIsAbleToUpdate()[pri:0, instance:testscript.Admintest@6069db50]" started-at="2024-11-19T21:16:41 IST" name="verifyTheUserIsAbleToUpdate" finished-at="2024-11-19T21:16:46 IST" duration-ms="4557" status="PASS">
          <reporter-output>
          </reporter-output>
        </test-method> <!-- verifyTheUserIsAbleToUpdate -->
        <test-method is-config="true" signature="driverQuitAndClose()[pri:0, instance:testscript.Admintest@6069db50]" started-at="2024-11-19T21:16:46 IST" name="driverQuitAndClose" finished-at="2024-11-19T21:16:46 IST" duration-ms="1" status="PASS">
          <reporter-output>
          </reporter-output>
        </test-method> <!-- driverQuitAndClose -->
      </class> <!-- testscript.Admintest -->
    </test> <!-- Default test -->
  </suite> <!-- Default suite -->
</testng-results>
