<?xml version="1.0" encoding="UTF-8"?>
<testng-results ignored="0" total="1" passed="1" failed="0" skipped="0">
  <reporter-output>
  </reporter-output>
  <suite started-at="2024-12-05T10:50:00 IST" name="Suite" finished-at="2024-12-05T10:50:06 IST" duration-ms="5585">
    <groups>
    </groups>
    <test started-at="2024-12-05T10:50:00 IST" name="Test" finished-at="2024-12-05T10:50:06 IST" duration-ms="5585">
      <class name="testscript.LoginTest">
        <test-method is-config="true" signature="initializeBrowser(java.lang.String)[pri:0, instance:testscript.LoginTest@210ab13f]" started-at="2024-12-05T10:50:00 IST" name="initializeBrowser" finished-at="2024-12-05T10:50:04 IST" duration-ms="3592" status="PASS">
          <params>
            <param index="0">
              <value>
                <![CDATA[Chrome]]>
              </value>
            </param>
          </params>
          <reporter-output>
          </reporter-output>
        </test-method> <!-- initializeBrowser -->
        <test-method signature="verifyTheUserIsAbleToLogInUsingInvalidUsernameAndPassword()[pri:0, instance:testscript.LoginTest@210ab13f]" started-at="2024-12-05T10:50:04 IST" name="verifyTheUserIsAbleToLogInUsingInvalidUsernameAndPassword" finished-at="2024-12-05T10:50:06 IST" duration-ms="1912" status="PASS">
          <reporter-output>
          </reporter-output>
        </test-method> <!-- verifyTheUserIsAbleToLogInUsingInvalidUsernameAndPassword -->
        <test-method is-config="true" signature="driverQuitAndClose()[pri:0, instance:testscript.LoginTest@210ab13f]" started-at="2024-12-05T10:50:06 IST" name="driverQuitAndClose" finished-at="2024-12-05T10:50:06 IST" duration-ms="1" status="PASS">
          <reporter-output>
          </reporter-output>
        </test-method> <!-- driverQuitAndClose -->
      </class> <!-- testscript.LoginTest -->
    </test> <!-- Test -->
  </suite> <!-- Suite -->
</testng-results>
